07-08 16:13:23 [info] [StdOut] 已重定向到命名管道: \\.\pipe\NapCat_21912
07-08 16:13:23 [info] [FFmpeg] [Download] 0% - 查找可用下载源
07-08 16:13:23 [info] [NapCat] [Core] NapCat.Core Version: 4.8.92
07-08 16:13:23 [info] [NapCat] [WebUi] WebUi Local Panel Url: http://127.0.0.1:6099/webui?token=napcat
07-08 16:13:23 [info] 等待网络连接...
07-08 16:13:24 [info] 网络已连接
07-08 16:13:24 [info] 没有 -q 指令指定快速登录，将使用二维码登录方式
07-08 16:13:24 [info] 可用于快速登录的 QQ：
1. 3666859102 空崎ヒナ
2. 735439479 Falling under the seabed
3. 3324653271 星座になれたら
4. 517766235 无
07-08 16:13:24 [warn] 请扫描下面的二维码，然后在手Q上授权登录：
07-08 16:13:24 [warn] 

▄▄▄▄▄▄▄▄▄▄▄▄▄▄▄▄▄▄▄▄▄▄▄▄▄▄▄▄▄▄▄▄▄▄▄
█ ▄▄▄▄▄ █▄▄▄ ▀▄██ █▄ █ ▄█▀█ ▄▄▄▄▄ █
█ █   █ ██▄▀ █ ▀▄▄▀▀  ▄▄▀▀█ █   █ █
█ █▄▄▄█ ██▀▄ ▄████ █▄▄█ ▀▀█ █▄▄▄█ █
█▄▄▄▄▄▄▄█ ▀▄█ ▀ █ █▄▀ █▄█▄█▄▄▄▄▄▄▄█
█▄▄▀  ▀▄██▄▀█▄██▀▀▄▄▀ ▀██▄█▄▀▀█▀▀▄█
██▄ █ ▄▄█ ▄██▄█▄ █▀▄▀█▄▀  ▀  ▄▀▀▄▄█
█  ▄▀ ▄▄▄▀▄ █▀▀▄  ▀▀▄▄█ ▀▄▀▄▄███▄▄█
█▀▄ █ ▀▄▀█▀ █▀▄▀ ▄██▄██▀█▀▀▄█ █▀█▀█
█ ▀ ▄▀█▄ ▄█▄ ▄▄  ▀█▀▄ ▀ ▄▀▄ ▀ ▄█  █
█▄▀█ ▄█▄██▀ ▀▄  ▄▀▄ ▄▀▄ ▄██▀█▄█▀▀ █
█ █ ▀▄▀▄▀▄ ▄▄▀██▀ ▀▀ ▄█▄ ▀▄█▀▀▀█▀██
█ █ █▀▄▄█▀ █ ▀█ ▄█▀ ▀██ ▄▀ ▀ ▄█▀▄▄█
█▄▄█▄▄▄▄▄ ▀█▄▄▀▄  ▄█▄▀▄▀█ ▄▄▄ ▀▀ ██
█ ▄▄▄▄▄ ██▄  ▄█  ▀▄ ▄▄▄   █▄█ ▀ █▀█
█ █   █ █ █▄▀ ▄ ██ █▄ █▄▄▄ ▄▄▄▀█▄▄█
█ █▄▄▄█ █▀▄ ▄▄  ▄ ██▄ █▀▀█▀▀▄   ▀ █
█▄▄▄▄▄▄▄█▄▄█████▄▄▄█▄████▄▄█▄█▄████

二维码解码URL: https://txz.qq.com/p?k=1hDlbXx6i6PwbM3sLc8-M53mhJRWdKd-&f=1600001604
如果控制台二维码无法扫码，可以复制解码url到二维码生成网站生成二维码再扫码，也可以打开下方的二维码路径图片进行扫码。
07-08 16:13:24 [warn] 二维码已保存到 E:\Go_Nepcat\Nepcat\cache\qrcode.png
07-08 16:13:25 [info] [FFmpeg] [Error] 下载FFmpeg失败
07-08 16:15:24 [error] [Core] [Login] Login Error,ErrType:  1  ErrCode: 3
07-08 16:15:24 [warn] 请扫描下面的二维码，然后在手Q上授权登录：
07-08 16:15:24 [warn] 

▄▄▄▄▄▄▄▄▄▄▄▄▄▄▄▄▄▄▄▄▄▄▄▄▄▄▄▄▄▄▄▄▄▄▄
█ ▄▄▄▄▄ █▄▄▄ ▀▄██ ▀▄▀█▄▀███ ▄▄▄▄▄ █
█ █   █ ██▄▀ █ ▀▄▄███▄▄██▄█ █   █ █
█ █▄▄▄█ ██▀▄ ▄████▄███▄▄▀▄█ █▄▄▄█ █
█▄▄▄▄▄▄▄█ ▀▄█ ▀ █ █▄▀ █▄█ █▄▄▄▄▄▄▄█
█▄▄▀ ▄█▄██▄▀█▄██▀▀▄▄ ▄▄▀ ▀█▄▀▀█▀▀▄█
█▄▄▄██ ▄▄▄▄██▄█▄ █▀▀█▀▄ ▄▄▀  ▄▀▀▄▄█
█▄▀██ █▄▀▄▄ █▀▀▄  ▀▄▄▀▄▀ ▄▀▄▄███▄▄█
█▄ ██▄▀▄ ▄▀ █▀▄▀ ▄█  ▀▄▀█ ▀▄█ █▀█▀█
█▄ ▀  █▄▀▀█▀ ▄▄  ▀ █  ███▄▄ ▀ ▄█  █
█ ▀▀█▀ ▄ ▄██▀▄  ▄███ ▄█ ▄██▀█▄█▀▀ █
█▀  █▄ ▄▄▀▀ ▄▀██ ▀▀█▄▄ █ ▀▄█▀▀▀█▀██
█ █  ▀▄▄▄▄ █ ▀█ ▄█ ▄▀▀▄█▄▀ ▀ ▄█▀▄▄█
█▄▄▄█▄█▄▄ █ ▄▄▀▄  ██▄▀█▀█ ▄▄▄ ▀▀ ██
█ ▄▄▄▄▄ ██▄▄ ▄█ ▄ ▄▄▄▄█▀  █▄█ ▀ █▀█
█ █   █ █ ▄▀▀ ▄ ▀█ ██▀▀▄▄▄ ▄▄▄▀█▄▄█
█ █▄▄▄█ █▀▀▀▄▄    ▄▀▄ █▄▀█▀▀▄   ▀ █
█▄▄▄▄▄▄▄█▄█▄████▄█▄▄▄████▄▄█▄█▄████

二维码解码URL: https://txz.qq.com/p?k=hf91uTDT3YvzbU7Tj5pWoW68WYsT6hd1&f=1600001604
如果控制台二维码无法扫码，可以复制解码url到二维码生成网站生成二维码再扫码，也可以打开下方的二维码路径图片进行扫码。
07-08 16:15:24 [warn] 二维码已保存到 E:\Go_Nepcat\Nepcat\cache\qrcode.png
07-08 16:15:51 [info] 正在快速登录  3666859102
07-08 16:15:51 [debug] 本账号数据/缓存目录： C:\Users\Matebook14\Documents\Tencent Files\NapCat\data
07-08 16:15:51 [debug] [Core] [Config] 配置文件E:\Go_Nepcat\Nepcat\config\napcat.json加载 {"fileLog":false,"consoleLog":true,"fileLogLevel":"debug","consoleLogLevel":"info","packetBackend":"auto","packetServer":"","o3HookMode":1}
07-08 16:15:51 [info] [Core] [Packet] 自动选择 NativePacketClient 作为后端
