07-10 09:58:33 [info] [StdOut] 已重定向到命名管道: \\.\pipe\NapCat_8656
07-10 09:58:33 [info] [FFmpeg] [Download] 0% - 查找可用下载源
07-10 09:58:33 [info] [NapCat] [Core] NapCat.Core Version: 4.8.92
07-10 09:58:33 [info] [NapCat] [WebUi] WebUi Local Panel Url: http://127.0.0.1:6099/webui?token=napcat
07-10 09:58:33 [info] 等待网络连接...
07-10 09:58:34 [info] 网络已连接
07-10 09:58:34 [info] 没有 -q 指令指定快速登录，将使用二维码登录方式
07-10 09:58:34 [info] 可用于快速登录的 QQ：
1. 3324653271 星座になれたら
2. 3666859102 空崎ヒナ
3. 735439479 Falling under the seabed
4. 517766235 无
07-10 09:58:34 [warn] 请扫描下面的二维码，然后在手Q上授权登录：
07-10 09:58:34 [warn] 

▄▄▄▄▄▄▄▄▄▄▄▄▄▄▄▄▄▄▄▄▄▄▄▄▄▄▄▄▄▄▄▄▄▄▄
█ ▄▄▄▄▄ █▄▄▄ ▀▄██ ▄▀▀ ▄█▄▀█ ▄▄▄▄▄ █
█ █   █ ██▄▀ █ ▀▄▄█▄██ █ ▀█ █   █ █
█ █▄▄▄█ ██▀▄ ▄████▄▄██ ▄ ▀█ █▄▄▄█ █
█▄▄▄▄▄▄▄█ ▀▄█ ▀ █ █▄▀▄█▄█ █▄▄▄▄▄▄▄█
█▄ ▀▄ █▄▀█▄▀█▄██▀▀▀█▄█▀█ ▄█▄▀▀█▀▀▄█
███▄▀▀▄▄██▄██▄█▄ █▀ █▀▄▀▄▄▀  ▄▀▀▄▄█
███ ▄█ ▄    █▀▀▄  ▀▄▄█▄▀ ▄▀▄▄███▄▄█
█▀█▄█▄ ▄█▄ ▀█▀▄▀ ▄█   ▄██▄▀▄█ █▀█▀█
█▀▀▀▀▀█▄█▀▀▄ ▄▄  ▀█▀█ █▄ ▄▄ ▀ ▄█  █
█▀▀█ ▄█▄ █ █▀▄   ▄▄▀ ▀▄▀▄██▀█▄█▀▀ █
█ ▄▀  ▀▄▄██ ▄▀██ ▄ ▀▀  ▀ ▀▄█▀▀▀█▀██
█ █▄ ▄▄▄▄▀▀▀ ▀█ ▄█▀▀▀ ▄█▄▀ ▀ ▄█▀▄▄█
█▄▄▄▄▄▄▄▄ █▄▄▄▀▄▄▀█▀█▄ ██ ▄▄▄ ▀▀ ██
█ ▄▄▄▄▄ ██   ▄█   █▄▄ ██  █▄█ ▀ █▀█
█ █   █ █ ▄▄▀ ▄  ▄▀▄█▀█▄▄▄ ▄▄▄▀█▄▄█
█ █▄▄▄█ █▀▄▀▄▄    ▄▀▄ ▄ ▀█▀▀▄   ▀ █
█▄▄▄▄▄▄▄█▄▄██████▄███▄███▄▄█▄█▄████

二维码解码URL: https://txz.qq.com/p?k=DfhNQvxUuIOqzQn9CuDR0GZ8lna4NrTb&f=1600001604
如果控制台二维码无法扫码，可以复制解码url到二维码生成网站生成二维码再扫码，也可以打开下方的二维码路径图片进行扫码。
07-10 09:58:34 [warn] 二维码已保存到 E:\Go_Nepcat\NepCat_Ver2.0\NepCat\cache\qrcode.png
