07-11 09:25:31 [info] [StdOut] 已重定向到命名管道: \\.\pipe\NapCat_36276
07-11 09:25:31 [info] [FFmpeg] [Download] 0% - 查找可用下载源
07-11 09:25:31 [info] [NapCat] [Core] NapCat.Core Version: 4.8.92
07-11 09:25:31 [info] [NapCat] [WebUi] WebUi Local Panel Url: http://127.0.0.1:6099/webui?token=napcat
07-11 09:25:31 [info] 等待网络连接...
07-11 09:25:32 [info] 网络已连接
07-11 09:25:32 [info] 没有 -q 指令指定快速登录，将使用二维码登录方式
07-11 09:25:32 [info] 可用于快速登录的 QQ：
1. 3324653271 星座になれたら
2. 735439479 Falling under the seabed
3. 3666859102 空崎ヒナ
4. 517766235 无
07-11 09:25:32 [warn] 请扫描下面的二维码，然后在手Q上授权登录：
07-11 09:25:32 [warn] 

▄▄▄▄▄▄▄▄▄▄▄▄▄▄▄▄▄▄▄▄▄▄▄▄▄▄▄▄▄▄▄▄▄▄▄
█ ▄▄▄▄▄ █▄▄███▀▄█▀▀ █ ▄  ▄█ ▄▄▄▄▄ █
█ █   █ █ ▀█ ▄ █▀ ▀ ▀█▀▀█▄█ █   █ █
█ █▄▄▄█ █▄ ▄▄▀▀█▄█ ▄▀▀█████ █▄▄▄█ █
█▄▄▄▄▄▄▄█▄▀▄▀▄█ █ ▀▄█ █ █▄█▄▄▄▄▄▄▄█
█  ▄ ██▄▀ ▀████▀▄█▄▄▀▄  ▄█▄▀█▄▄ ▀ █
█▄█▄ ▀▀▄█▀██▀▀▀▄▀█▄ ▀▄█▄▄▀█ ▀▄█▄ ▄█
█▀ ▀▀█ ▄▀ ▄▀ █▄█ ▀▀▀▄▄█▀█ ▄█▄▄ ▀▀██
██ ▄█  ▄ ▄▀▀█ ▄██ █▀▄█▀██▄▀  ▄█ ███
█ ▄█▄▄▀▄█▀▀ ▄▀  ▀▀█▀ ▀  ▄       ▄ █
█▀▄▀▀▄▄▄  ▄█▄ █▀ █  ▀█▄█▀▀  ██ █▄▀█
█   ▄▄█▄█▀█▄▄ █▀▄▀█ █▀    ▄▀▄█▀▄▀▀█
██▀▄ ██▄▄██▀▄▄▀ ▀▀▄▀▀█▄▀ ▄▄▀▀▄▀▄ ▄█
█▄███▄▄▄█  ▀▀ ▄█▄ ██▄██   ▄▄▄ ▄██▄█
█ ▄▄▄▄▄ ██▀▄ ██▄█▄▄▄▄█▀   █▄█ ▀▀███
█ █   █ █▀ ▄██  ███▀  ▄█  ▄▄▄▄█  ▄█
█ █▄▄▄█ █ █ ▀ █▀▄▄ ██▄▄█▄▀▄ ▄▀█▄▄▀█
█▄▄▄▄▄▄▄█▄█▄█▄█████▄██▄███▄███▄▄███

二维码解码URL: https://txz.qq.com/p?k=UdJ45E54h2q0mHINXX9JE2uP3AO6QBRz&f=1600001604
如果控制台二维码无法扫码，可以复制解码url到二维码生成网站生成二维码再扫码，也可以打开下方的二维码路径图片进行扫码。
07-11 09:25:32 [warn] 二维码已保存到 E:\Go_Nepcat\NepCat_Ver2.0\NepcatShell\cache\qrcode.png
07-11 09:25:38 [info] [FFmpeg] [Error] 下载FFmpeg失败
07-11 09:25:45 [info] 正在快速登录  3666859102
07-11 09:26:17 [debug] 本账号数据/缓存目录： C:\Users\Matebook14\Documents\Tencent Files\NapCat\data
07-11 09:26:17 [debug] [Core] [Config] 配置文件E:\Go_Nepcat\NepCat_Ver2.0\NepcatShell\config\napcat_3666859102.json加载 {"fileLog":false,"consoleLog":true,"fileLogLevel":"debug","consoleLogLevel":"info","packetBackend":"auto","packetServer":"","o3HookMode":1}
07-11 09:26:17 [info] [Core] [Packet] 自动选择 NativePacketClient 作为后端
