
2025/07/10 09:57:51 info [------------------------------------------------------------------------系统日志初始化------------------------------------------------------------------------]
2025/07/10 09:57:51 info [------------------------------------------------------------------------config初始化------------------------------------------------------------------------]
2025/07/10 09:57:51 info [------------------------------------------------------------------------Gorm数据库连接初始化------------------------------------------------------------------------]
2025/07/10 09:57:51 info [0xb04518]
2025/07/10 09:57:51 info [------------------------------------------------------------------------Nepcat的api接口初始化------------------------------------------------------------------------]
2025/07/10 09:57:51 info [------------------------------------------------------------------------Nepcat的websocket连接初始化------------------------------------------------------------------------]
2025/07/10 09:59:01 info [------------------------------------------------------------------------系统日志初始化------------------------------------------------------------------------]
2025/07/10 09:59:01 info [------------------------------------------------------------------------config初始化------------------------------------------------------------------------]
2025/07/10 09:59:01 info [------------------------------------------------------------------------Gorm数据库连接初始化------------------------------------------------------------------------]
2025/07/10 09:59:01 info [0xb04518]
2025/07/10 09:59:01 info [------------------------------------------------------------------------Nepcat的api接口初始化------------------------------------------------------------------------]
2025/07/10 09:59:01 info [------------------------------------------------------------------------Nepcat的websocket连接初始化------------------------------------------------------------------------]
2025/07/10 10:04:46 info [------------------------------------------------------------------------系统日志初始化------------------------------------------------------------------------]
2025/07/10 10:04:46 info [------------------------------------------------------------------------config初始化------------------------------------------------------------------------]
2025/07/10 10:05:01 info [------------------------------------------------------------------------Gorm数据库连接初始化------------------------------------------------------------------------]
2025/07/10 10:05:01 info [0x1285c18]
2025/07/10 10:05:01 info [------------------------------------------------------------------------Nepcat的api接口初始化------------------------------------------------------------------------]
2025/07/10 10:05:01 info [------------------------------------------------------------------------开启消息处理线程------------------------------------------------------------------------]
2025/07/10 10:05:01 info [------------------------------------------------------------------------Nepcat的websocket连接初始化------------------------------------------------------------------------]
2025/07/10 10:07:00 info [------------------------------------------------------------------------系统日志初始化------------------------------------------------------------------------]
2025/07/10 10:07:00 info [------------------------------------------------------------------------config初始化------------------------------------------------------------------------]
2025/07/10 10:07:00 info [------------------------------------------------------------------------Gorm数据库连接初始化------------------------------------------------------------------------]
2025/07/10 10:07:00 info [0xc67518]
2025/07/10 10:07:00 info [------------------------------------------------------------------------Nepcat的api接口初始化------------------------------------------------------------------------]
2025/07/10 10:07:00 info [------------------------------------------------------------------------开启消息处理线程------------------------------------------------------------------------]
2025/07/10 10:07:00 info [------------------------------------------------------------------------Nepcat的websocket连接初始化------------------------------------------------------------------------]
2025/07/10 10:09:09 info [------------------------------------------------------------------------系统日志初始化------------------------------------------------------------------------]
2025/07/10 10:09:09 info [------------------------------------------------------------------------config初始化------------------------------------------------------------------------]
2025/07/10 10:09:09 info [------------------------------------------------------------------------Gorm数据库连接初始化------------------------------------------------------------------------]
2025/07/10 10:09:09 info [0x16c7518]
2025/07/10 10:09:09 info [------------------------------------------------------------------------Nepcat的api接口初始化------------------------------------------------------------------------]
2025/07/10 10:09:09 info [------------------------------------------------------------------------开启消息处理线程------------------------------------------------------------------------]
2025/07/10 11:53:05 info [------------------------------------------------------------------------系统日志初始化------------------------------------------------------------------------]
2025/07/10 11:53:05 info [------------------------------------------------------------------------config初始化------------------------------------------------------------------------]
2025/07/10 11:53:05 info [------------------------------------------------------------------------Gorm数据库连接初始化------------------------------------------------------------------------]
2025/07/10 11:53:05 info [0x16c7518]
2025/07/10 11:53:05 info [------------------------------------------------------------------------Nepcat的api接口初始化------------------------------------------------------------------------]
2025/07/10 11:53:05 info [------------------------------------------------------------------------开启消息处理线程------------------------------------------------------------------------]
2025/07/10 11:54:05 info [机器人上线]
2025/07/10 11:55:04 info [------------------------------------------------------------------------系统日志初始化------------------------------------------------------------------------]
2025/07/10 11:55:04 info [------------------------------------------------------------------------config初始化------------------------------------------------------------------------]
2025/07/10 11:55:04 info [------------------------------------------------------------------------Gorm数据库连接初始化------------------------------------------------------------------------]
2025/07/10 11:55:04 info [0x1295c18]
2025/07/10 11:55:04 info [------------------------------------------------------------------------Nepcat的api接口初始化------------------------------------------------------------------------]
2025/07/10 11:55:04 info [------------------------------------------------------------------------开启消息处理线程------------------------------------------------------------------------]
2025/07/10 11:56:55 info [------------------------------------------------------------------------系统日志初始化------------------------------------------------------------------------]
2025/07/10 11:56:55 info [------------------------------------------------------------------------config初始化------------------------------------------------------------------------]
2025/07/10 11:56:55 info [------------------------------------------------------------------------Gorm数据库连接初始化------------------------------------------------------------------------]
2025/07/10 11:56:55 info [0x1945c18]
2025/07/10 11:56:55 info [------------------------------------------------------------------------Nepcat的api接口初始化------------------------------------------------------------------------]
2025/07/10 11:56:55 info [------------------------------------------------------------------------开启消息处理线程------------------------------------------------------------------------]
2025/07/10 11:58:11 info [机器人上线]
2025/07/10 11:58:11 info [开启携程进行消息处理]
2025/07/10 11:58:11 info [处理消息的GroupID为： 1016759932]
2025/07/10 11:58:11 info [开启携程进行消息处理]
2025/07/10 11:58:11 info [处理消息的GroupID为： 1016759932]
2025/07/10 11:59:20 info [------------------------------------------------------------------------系统日志初始化------------------------------------------------------------------------]
2025/07/10 11:59:20 info [------------------------------------------------------------------------config初始化------------------------------------------------------------------------]
2025/07/10 11:59:20 info [------------------------------------------------------------------------Gorm数据库连接初始化------------------------------------------------------------------------]
2025/07/10 11:59:20 info [0x1945c18]
2025/07/10 11:59:20 info [------------------------------------------------------------------------Nepcat的api接口初始化------------------------------------------------------------------------]
2025/07/10 11:59:20 info [------------------------------------------------------------------------开启消息处理线程------------------------------------------------------------------------]
2025/07/10 11:59:51 info [机器人上线]
2025/07/10 11:59:51 info [开启携程进行消息处理]
2025/07/10 11:59:51 info [处理消息的GroupID为： 1016759932]
2025/07/10 11:59:51 info [开启携程进行消息处理]
2025/07/10 11:59:51 info [处理消息的GroupID为： 915116547]
2025/07/10 12:07:29 info [------------------------------------------------------------------------系统日志初始化------------------------------------------------------------------------]
2025/07/10 12:07:29 info [------------------------------------------------------------------------config初始化------------------------------------------------------------------------]
2025/07/10 12:07:29 info [------------------------------------------------------------------------Gorm数据库连接初始化------------------------------------------------------------------------]
2025/07/10 12:07:29 info [0x1605c18]
2025/07/10 12:07:29 info [------------------------------------------------------------------------Nepcat的api接口初始化------------------------------------------------------------------------]
2025/07/10 12:07:29 info [------------------------------------------------------------------------开启消息处理线程------------------------------------------------------------------------]
2025/07/10 12:07:40 info [机器人上线]
2025/07/10 12:08:45 info [------------------------------------------------------------------------系统日志初始化------------------------------------------------------------------------]
2025/07/10 12:08:45 info [------------------------------------------------------------------------config初始化------------------------------------------------------------------------]
2025/07/10 12:08:45 info [------------------------------------------------------------------------Gorm数据库连接初始化------------------------------------------------------------------------]
2025/07/10 12:08:45 info [0x1605c18]
2025/07/10 12:08:45 info [------------------------------------------------------------------------Nepcat的api接口初始化------------------------------------------------------------------------]
2025/07/10 12:08:45 info [------------------------------------------------------------------------开启消息处理线程------------------------------------------------------------------------]
2025/07/10 12:08:45 info [机器人上线]
2025/07/10 12:09:11 info [开启携程进行消息处理]
2025/07/10 12:09:11 info [处理消息的GroupID为： 1016759932]
2025/07/10 12:11:16 info [------------------------------------------------------------------------系统日志初始化------------------------------------------------------------------------]
2025/07/10 12:11:16 info [------------------------------------------------------------------------config初始化------------------------------------------------------------------------]
2025/07/10 12:11:16 info [------------------------------------------------------------------------Gorm数据库连接初始化------------------------------------------------------------------------]
2025/07/10 12:11:16 info [0xd17518]
2025/07/10 12:11:16 info [------------------------------------------------------------------------Nepcat的api接口初始化------------------------------------------------------------------------]
2025/07/10 12:11:16 info [------------------------------------------------------------------------开启消息处理线程------------------------------------------------------------------------]
2025/07/10 12:11:16 info [机器人上线]
2025/07/10 12:11:37 info [开启携程进行消息处理]
2025/07/10 12:11:37 info [处理消息的GroupID为： 1016759932]
2025/07/10 13:17:49 info [------------------------------------------------------------------------系统日志初始化------------------------------------------------------------------------]
2025/07/10 13:17:49 info [------------------------------------------------------------------------config初始化------------------------------------------------------------------------]
2025/07/10 13:17:49 info [------------------------------------------------------------------------Gorm数据库连接初始化------------------------------------------------------------------------]
2025/07/10 13:17:49 info [0xd17518]
2025/07/10 13:17:49 info [------------------------------------------------------------------------Nepcat的api接口初始化------------------------------------------------------------------------]
2025/07/10 13:17:49 info [------------------------------------------------------------------------开启消息处理线程------------------------------------------------------------------------]
2025/07/10 13:17:49 info [机器人上线]
2025/07/10 13:18:06 info [开启携程进行消息处理]
2025/07/10 13:18:06 info [处理消息的GroupID为： 1016759932]
2025/07/10 13:18:50 info [开启携程进行消息处理]
2025/07/10 13:18:50 info [处理消息的GroupID为： 1016759932]
2025/07/10 13:19:38 info [------------------------------------------------------------------------系统日志初始化------------------------------------------------------------------------]
2025/07/10 13:19:38 info [------------------------------------------------------------------------config初始化------------------------------------------------------------------------]
2025/07/10 13:19:38 info [------------------------------------------------------------------------Gorm数据库连接初始化------------------------------------------------------------------------]
2025/07/10 13:19:38 info [0xd17518]
2025/07/10 13:19:39 info [------------------------------------------------------------------------Nepcat的api接口初始化------------------------------------------------------------------------]
2025/07/10 13:19:39 info [------------------------------------------------------------------------开启消息处理线程------------------------------------------------------------------------]
2025/07/10 13:19:39 info [机器人上线]
2025/07/10 13:19:49 info [开启携程进行消息处理]
2025/07/10 13:19:49 info [处理消息的GroupID为： 1016759932]
2025/07/10 13:20:22 info [------------------------------------------------------------------------系统日志初始化------------------------------------------------------------------------]
2025/07/10 13:20:22 info [------------------------------------------------------------------------config初始化------------------------------------------------------------------------]
2025/07/10 13:20:22 info [------------------------------------------------------------------------Gorm数据库连接初始化------------------------------------------------------------------------]
2025/07/10 13:20:22 info [0x1855c18]
2025/07/10 13:20:22 info [------------------------------------------------------------------------Nepcat的api接口初始化------------------------------------------------------------------------]
2025/07/10 13:20:22 info [------------------------------------------------------------------------开启消息处理线程------------------------------------------------------------------------]
2025/07/10 13:20:22 info [机器人上线]
2025/07/10 13:20:28 info [开启携程进行消息处理]
2025/07/10 13:20:28 info [处理消息的GroupID为： 1016759932]
